{"/home/dina/projects/repoprovas/repoprovas-backend/src/app.ts": {"path":"/home/dina/projects/repoprovas/repoprovas-backend/src/app.ts","statementMap":{"0":{"start":{"line":8,"column":12},"end":{"line":8,"column":21}},"1":{"start":{"line":9,"column":0},"end":{"line":9,"column":16}},"2":{"start":{"line":10,"column":0},"end":{"line":10,"column":16}},"3":{"start":{"line":11,"column":0},"end":{"line":11,"column":16}},"4":{"start":{"line":12,"column":0},"end":{"line":12,"column":32}}},"fnMap":{},"branchMap":{},"s":{"0":1,"1":1,"2":1,"3":1,"4":1},"f":{},"b":{}}
,"/home/dina/projects/repoprovas/repoprovas-backend/src/database.ts": {"path":"/home/dina/projects/repoprovas/repoprovas-backend/src/database.ts","statementMap":{"0":{"start":{"line":3,"column":25},"end":{"line":3,"column":28}},"1":{"start":{"line":4,"column":22},"end":{"line":4,"column":40}}},"fnMap":{},"branchMap":{},"s":{"0":2,"1":2},"f":{},"b":{}}
,"/home/dina/projects/repoprovas/repoprovas-backend/src/setup.ts": {"path":"/home/dina/projects/repoprovas/repoprovas-backend/src/setup.ts","statementMap":{"0":{"start":{"line":2,"column":0},"end":{"line":2,"column":16}}},"fnMap":{},"branchMap":{},"s":{"0":1},"f":{},"b":{}}
,"/home/dina/projects/repoprovas/repoprovas-backend/src/controllers/categoryController.ts": {"path":"/home/dina/projects/repoprovas/repoprovas-backend/src/controllers/categoryController.ts","statementMap":{"0":{"start":{"line":5,"column":21},"end":{"line":5,"column":53}},"1":{"start":{"line":6,"column":2},"end":{"line":6,"column":27}}},"fnMap":{"0":{"name":"findMany","decl":{"start":{"line":4,"column":15},"end":{"line":4,"column":23}},"loc":{"start":{"line":4,"column":51},"end":{"line":7,"column":null}}}},"branchMap":{},"s":{"0":0,"1":0},"f":{"0":0},"b":{}}
,"/home/dina/projects/repoprovas/repoprovas-backend/src/controllers/disciplineController.ts": {"path":"/home/dina/projects/repoprovas/repoprovas-backend/src/controllers/disciplineController.ts","statementMap":{"0":{"start":{"line":5,"column":19},"end":{"line":5,"column":29}},"1":{"start":{"line":6,"column":22},"end":{"line":6,"column":62}},"2":{"start":{"line":8,"column":2},"end":{"line":8,"column":24}}},"fnMap":{"0":{"name":"get","decl":{"start":{"line":4,"column":15},"end":{"line":4,"column":18}},"loc":{"start":{"line":4,"column":46},"end":{"line":9,"column":null}}}},"branchMap":{},"s":{"0":0,"1":0,"2":0},"f":{"0":0},"b":{}}
,"/home/dina/projects/repoprovas/repoprovas-backend/src/controllers/e2eTestsController.ts": {"path":"/home/dina/projects/repoprovas/repoprovas-backend/src/controllers/e2eTestsController.ts","statementMap":{"0":{"start":{"line":5,"column":2},"end":{"line":5,"column":31}},"1":{"start":{"line":6,"column":2},"end":{"line":6,"column":22}}},"fnMap":{"0":{"name":"truncate","decl":{"start":{"line":4,"column":15},"end":{"line":4,"column":23}},"loc":{"start":{"line":4,"column":51},"end":{"line":7,"column":null}}}},"branchMap":{},"s":{"0":0,"1":0},"f":{"0":0},"b":{}}
,"/home/dina/projects/repoprovas/repoprovas-backend/src/controllers/teachersController.ts": {"path":"/home/dina/projects/repoprovas/repoprovas-backend/src/controllers/teachersController.ts","statementMap":{"0":{"start":{"line":5,"column":25},"end":{"line":5,"column":35}},"1":{"start":{"line":7,"column":19},"end":{"line":7,"column":68}},"2":{"start":{"line":8,"column":2},"end":{"line":8,"column":21}}},"fnMap":{"0":{"name":"get","decl":{"start":{"line":4,"column":15},"end":{"line":4,"column":18}},"loc":{"start":{"line":4,"column":46},"end":{"line":9,"column":null}}}},"branchMap":{},"s":{"0":0,"1":0,"2":0},"f":{"0":0},"b":{}}
,"/home/dina/projects/repoprovas/repoprovas-backend/src/controllers/testController.ts": {"path":"/home/dina/projects/repoprovas/repoprovas-backend/src/controllers/testController.ts","statementMap":{"0":{"start":{"line":5,"column":2},"end":{"line":5,"column":37}},"1":{"start":{"line":6,"column":2},"end":{"line":6,"column":22}},"2":{"start":{"line":10,"column":43},"end":{"line":10,"column":null}},"3":{"start":{"line":16,"column":2},"end":{"line":18,"column":null}},"4":{"start":{"line":17,"column":4},"end":{"line":17,"column":31}},"5":{"start":{"line":20,"column":16},"end":{"line":20,"column":72}},"6":{"start":{"line":21,"column":2},"end":{"line":21,"column":22}},"7":{"start":{"line":25,"column":17},"end":{"line":25,"column":27}},"8":{"start":{"line":27,"column":2},"end":{"line":27,"column":30}},"9":{"start":{"line":28,"column":2},"end":{"line":28,"column":22}}},"fnMap":{"0":{"name":"insert","decl":{"start":{"line":4,"column":15},"end":{"line":4,"column":21}},"loc":{"start":{"line":4,"column":49},"end":{"line":7,"column":null}}},"1":{"name":"find","decl":{"start":{"line":9,"column":15},"end":{"line":9,"column":19}},"loc":{"start":{"line":9,"column":47},"end":{"line":22,"column":null}}},"2":{"name":"view","decl":{"start":{"line":24,"column":15},"end":{"line":24,"column":19}},"loc":{"start":{"line":24,"column":47},"end":{"line":29,"column":null}}}},"branchMap":{"0":{"loc":{"start":{"line":16,"column":2},"end":{"line":18,"column":null}},"type":"if","locations":[{"start":{"line":16,"column":2},"end":{"line":18,"column":null}}]},"1":{"loc":{"start":{"line":16,"column":6},"end":{"line":16,"column":57}},"type":"binary-expr","locations":[{"start":{"line":16,"column":6},"end":{"line":16,"column":31}},{"start":{"line":16,"column":35},"end":{"line":16,"column":57}}]}},"s":{"0":0,"1":0,"2":0,"3":0,"4":0,"5":0,"6":0,"7":0,"8":0,"9":0},"f":{"0":0,"1":0,"2":0},"b":{"0":[0],"1":[0,0]}}
,"/home/dina/projects/repoprovas/repoprovas-backend/src/controllers/userController.ts": {"path":"/home/dina/projects/repoprovas/repoprovas-backend/src/controllers/userController.ts","statementMap":{"0":{"start":{"line":5,"column":15},"end":{"line":5,"column":23}},"1":{"start":{"line":7,"column":2},"end":{"line":7,"column":33}},"2":{"start":{"line":9,"column":2},"end":{"line":9,"column":22}},"3":{"start":{"line":13,"column":15},"end":{"line":13,"column":23}},"4":{"start":{"line":15,"column":16},"end":{"line":15,"column":46}},"5":{"start":{"line":17,"column":2},"end":{"line":17,"column":22}}},"fnMap":{"0":{"name":"signUp","decl":{"start":{"line":4,"column":15},"end":{"line":4,"column":21}},"loc":{"start":{"line":4,"column":49},"end":{"line":10,"column":null}}},"1":{"name":"signIn","decl":{"start":{"line":12,"column":15},"end":{"line":12,"column":21}},"loc":{"start":{"line":12,"column":49},"end":{"line":18,"column":null}}}},"branchMap":{},"s":{"0":1,"1":1,"2":0,"3":0,"4":0,"5":0},"f":{"0":1,"1":0},"b":{}}
,"/home/dina/projects/repoprovas/repoprovas-backend/src/middlewares/ensureAuthenticatedMiddleware.ts": {"path":"/home/dina/projects/repoprovas/repoprovas-backend/src/middlewares/ensureAuthenticatedMiddleware.ts","statementMap":{"0":{"start":{"line":11,"column":24},"end":{"line":11,"column":52}},"1":{"start":{"line":12,"column":2},"end":{"line":12,"column":78}},"2":{"start":{"line":12,"column":22},"end":{"line":12,"column":78}},"3":{"start":{"line":14,"column":16},"end":{"line":14,"column":52}},"4":{"start":{"line":15,"column":2},"end":{"line":15,"column":55}},"5":{"start":{"line":15,"column":14},"end":{"line":15,"column":55}},"6":{"start":{"line":17,"column":2},"end":{"line":27,"column":null}},"7":{"start":{"line":18,"column":23},"end":{"line":18,"column":null}},"8":{"start":{"line":21,"column":17},"end":{"line":21,"column":51}},"9":{"start":{"line":22,"column":4},"end":{"line":22,"column":27}},"10":{"start":{"line":24,"column":4},"end":{"line":24,"column":11}},"11":{"start":{"line":26,"column":4},"end":{"line":26,"column":45}}},"fnMap":{"0":{"name":"ensureAuthenticatedMiddleware","decl":{"start":{"line":6,"column":22},"end":{"line":6,"column":51}},"loc":{"start":{"line":9,"column":20},"end":{"line":28,"column":null}}}},"branchMap":{"0":{"loc":{"start":{"line":12,"column":2},"end":{"line":12,"column":78}},"type":"if","locations":[{"start":{"line":12,"column":2},"end":{"line":12,"column":78}}]},"1":{"loc":{"start":{"line":15,"column":2},"end":{"line":15,"column":55}},"type":"if","locations":[{"start":{"line":15,"column":2},"end":{"line":15,"column":55}}]}},"s":{"0":0,"1":0,"2":0,"3":0,"4":0,"5":0,"6":0,"7":0,"8":0,"9":0,"10":0,"11":0},"f":{"0":0},"b":{"0":[0],"1":[0]}}
,"/home/dina/projects/repoprovas/repoprovas-backend/src/middlewares/errorHandlerMiddleware.ts": {"path":"/home/dina/projects/repoprovas/repoprovas-backend/src/middlewares/errorHandlerMiddleware.ts","statementMap":{"0":{"start":{"line":14,"column":2},"end":{"line":14,"column":19}},"1":{"start":{"line":16,"column":2},"end":{"line":18,"column":null}},"2":{"start":{"line":17,"column":4},"end":{"line":17,"column":73}},"3":{"start":{"line":20,"column":2},"end":{"line":20,"column":29}}},"fnMap":{"0":{"name":"errorHandlerMiddleware","decl":{"start":{"line":8,"column":16},"end":{"line":8,"column":38}},"loc":{"start":{"line":12,"column":20},"end":{"line":21,"column":1}}}},"branchMap":{"0":{"loc":{"start":{"line":16,"column":2},"end":{"line":18,"column":null}},"type":"if","locations":[{"start":{"line":16,"column":2},"end":{"line":18,"column":null}}]}},"s":{"0":1,"1":1,"2":1,"3":0},"f":{"0":1},"b":{"0":[1]}}
,"/home/dina/projects/repoprovas/repoprovas-backend/src/middlewares/validateSchemaMiddleware.ts": {"path":"/home/dina/projects/repoprovas/repoprovas-backend/src/middlewares/validateSchemaMiddleware.ts","statementMap":{"0":{"start":{"line":5,"column":2},"end":{"line":12,"column":4}},"1":{"start":{"line":6,"column":23},"end":{"line":6,"column":48}},"2":{"start":{"line":7,"column":4},"end":{"line":9,"column":null}},"3":{"start":{"line":8,"column":6},"end":{"line":8,"column":71}},"4":{"start":{"line":11,"column":4},"end":{"line":11,"column":11}}},"fnMap":{"0":{"name":"validateSchemaMiddleware","decl":{"start":{"line":4,"column":16},"end":{"line":4,"column":40}},"loc":{"start":{"line":4,"column":61},"end":{"line":13,"column":1}}},"1":{"name":"(anonymous_1)","decl":{"start":{"line":5,"column":9},"end":{"line":5,"column":10}},"loc":{"start":{"line":5,"column":61},"end":{"line":12,"column":3}}}},"branchMap":{"0":{"loc":{"start":{"line":7,"column":4},"end":{"line":9,"column":null}},"type":"if","locations":[{"start":{"line":7,"column":4},"end":{"line":9,"column":null}}]}},"s":{"0":2,"1":1,"2":1,"3":0,"4":1},"f":{"0":2,"1":1},"b":{"0":[0]}}
,"/home/dina/projects/repoprovas/repoprovas-backend/src/repositories/categoryRepository.ts": {"path":"/home/dina/projects/repoprovas/repoprovas-backend/src/repositories/categoryRepository.ts","statementMap":{"0":{"start":{"line":4,"column":2},"end":{"line":4,"column":36}},"1":{"start":{"line":8,"column":2},"end":{"line":10,"column":5}}},"fnMap":{"0":{"name":"findMany","decl":{"start":{"line":3,"column":15},"end":{"line":3,"column":23}},"loc":{"start":{"line":3,"column":23},"end":{"line":5,"column":null}}},"1":{"name":"getById","decl":{"start":{"line":7,"column":15},"end":{"line":7,"column":22}},"loc":{"start":{"line":7,"column":33},"end":{"line":11,"column":null}}}},"branchMap":{},"s":{"0":0,"1":0},"f":{"0":0,"1":0},"b":{}}
,"/home/dina/projects/repoprovas/repoprovas-backend/src/repositories/disciplineRepository.ts": {"path":"/home/dina/projects/repoprovas/repoprovas-backend/src/repositories/disciplineRepository.ts","statementMap":{"0":{"start":{"line":4,"column":2},"end":{"line":6,"column":5}},"1":{"start":{"line":10,"column":2},"end":{"line":12,"column":5}}},"fnMap":{"0":{"name":"getById","decl":{"start":{"line":3,"column":15},"end":{"line":3,"column":22}},"loc":{"start":{"line":3,"column":33},"end":{"line":7,"column":null}}},"1":{"name":"getByTerm","decl":{"start":{"line":9,"column":15},"end":{"line":9,"column":24}},"loc":{"start":{"line":9,"column":37},"end":{"line":13,"column":null}}}},"branchMap":{},"s":{"0":0,"1":0},"f":{"0":0,"1":0},"b":{}}
,"/home/dina/projects/repoprovas/repoprovas-backend/src/repositories/teacherDisciplineRepository.ts": {"path":"/home/dina/projects/repoprovas/repoprovas-backend/src/repositories/teacherDisciplineRepository.ts","statementMap":{"0":{"start":{"line":7,"column":2},"end":{"line":9,"column":5}}},"fnMap":{"0":{"name":"getByTeacherAndDiscipline","decl":{"start":{"line":3,"column":15},"end":{"line":3,"column":40}},"loc":{"start":{"line":5,"column":22},"end":{"line":10,"column":null}}}},"branchMap":{},"s":{"0":0},"f":{"0":0},"b":{}}
,"/home/dina/projects/repoprovas/repoprovas-backend/src/repositories/teacherRepository.ts": {"path":"/home/dina/projects/repoprovas/repoprovas-backend/src/repositories/teacherRepository.ts","statementMap":{"0":{"start":{"line":4,"column":2},"end":{"line":6,"column":5}},"1":{"start":{"line":10,"column":2},"end":{"line":12,"column":5}}},"fnMap":{"0":{"name":"getById","decl":{"start":{"line":3,"column":15},"end":{"line":3,"column":22}},"loc":{"start":{"line":3,"column":33},"end":{"line":7,"column":null}}},"1":{"name":"getByDiscipline","decl":{"start":{"line":9,"column":15},"end":{"line":9,"column":30}},"loc":{"start":{"line":9,"column":49},"end":{"line":13,"column":null}}}},"branchMap":{},"s":{"0":0,"1":0},"f":{"0":0,"1":0},"b":{}}
,"/home/dina/projects/repoprovas/repoprovas-backend/src/repositories/testRepository.ts": {"path":"/home/dina/projects/repoprovas/repoprovas-backend/src/repositories/testRepository.ts","statementMap":{"0":{"start":{"line":5,"column":2},"end":{"line":32,"column":5}},"1":{"start":{"line":36,"column":2},"end":{"line":49,"column":5}},"2":{"start":{"line":53,"column":2},"end":{"line":55,"column":5}},"3":{"start":{"line":59,"column":2},"end":{"line":61,"column":5}},"4":{"start":{"line":65,"column":2},"end":{"line":70,"column":5}}},"fnMap":{"0":{"name":"getTestsByDiscipline","decl":{"start":{"line":4,"column":15},"end":{"line":4,"column":35}},"loc":{"start":{"line":4,"column":54},"end":{"line":33,"column":null}}},"1":{"name":"getTestsByTeachers","decl":{"start":{"line":35,"column":15},"end":{"line":35,"column":33}},"loc":{"start":{"line":35,"column":49},"end":{"line":50,"column":null}}},"2":{"name":"insert","decl":{"start":{"line":52,"column":15},"end":{"line":52,"column":21}},"loc":{"start":{"line":52,"column":69},"end":{"line":56,"column":null}}},"3":{"name":"getById","decl":{"start":{"line":58,"column":15},"end":{"line":58,"column":22}},"loc":{"start":{"line":58,"column":33},"end":{"line":62,"column":null}}},"4":{"name":"view","decl":{"start":{"line":64,"column":15},"end":{"line":64,"column":19}},"loc":{"start":{"line":64,"column":30},"end":{"line":71,"column":null}}}},"branchMap":{},"s":{"0":0,"1":0,"2":0,"3":0,"4":0},"f":{"0":0,"1":0,"2":0,"3":0,"4":0},"b":{}}
,"/home/dina/projects/repoprovas/repoprovas-backend/src/repositories/userRepository.ts": {"path":"/home/dina/projects/repoprovas/repoprovas-backend/src/repositories/userRepository.ts","statementMap":{"0":{"start":{"line":5,"column":2},"end":{"line":9,"column":5}},"1":{"start":{"line":12,"column":2},"end":{"line":16,"column":5}},"2":{"start":{"line":20,"column":2},"end":{"line":22,"column":5}},"3":{"start":{"line":26,"column":2},"end":{"line":26,"column":49}}},"fnMap":{"0":{"name":"findById","decl":{"start":{"line":4,"column":15},"end":{"line":4,"column":23}},"loc":{"start":{"line":4,"column":34},"end":{"line":10,"column":null}}},"1":{"name":"findByEmail","decl":{"start":{"line":11,"column":15},"end":{"line":11,"column":26}},"loc":{"start":{"line":11,"column":40},"end":{"line":17,"column":null}}},"2":{"name":"insert","decl":{"start":{"line":19,"column":15},"end":{"line":19,"column":21}},"loc":{"start":{"line":19,"column":52},"end":{"line":23,"column":null}}},"3":{"name":"truncate","decl":{"start":{"line":25,"column":15},"end":{"line":25,"column":23}},"loc":{"start":{"line":25,"column":23},"end":{"line":27,"column":null}}}},"branchMap":{},"s":{"0":0,"1":1,"2":0,"3":0},"f":{"0":0,"1":1,"2":0,"3":0},"b":{}}
,"/home/dina/projects/repoprovas/repoprovas-backend/src/routers/categoryRouter.ts": {"path":"/home/dina/projects/repoprovas/repoprovas-backend/src/routers/categoryRouter.ts","statementMap":{"0":{"start":{"line":5,"column":23},"end":{"line":5,"column":31}},"1":{"start":{"line":7,"column":0},"end":{"line":11,"column":2}}},"fnMap":{},"branchMap":{},"s":{"0":1,"1":1},"f":{},"b":{}}
,"/home/dina/projects/repoprovas/repoprovas-backend/src/routers/disciplineRouter.ts": {"path":"/home/dina/projects/repoprovas/repoprovas-backend/src/routers/disciplineRouter.ts","statementMap":{"0":{"start":{"line":5,"column":25},"end":{"line":5,"column":33}},"1":{"start":{"line":7,"column":0},"end":{"line":11,"column":2}}},"fnMap":{},"branchMap":{},"s":{"0":1,"1":1},"f":{},"b":{}}
,"/home/dina/projects/repoprovas/repoprovas-backend/src/routers/e2eRouter.ts": {"path":"/home/dina/projects/repoprovas/repoprovas-backend/src/routers/e2eRouter.ts","statementMap":{"0":{"start":{"line":4,"column":18},"end":{"line":4,"column":26}},"1":{"start":{"line":5,"column":0},"end":{"line":5,"column":61}}},"fnMap":{},"branchMap":{},"s":{"0":1,"1":1},"f":{},"b":{}}
,"/home/dina/projects/repoprovas/repoprovas-backend/src/routers/index.ts": {"path":"/home/dina/projects/repoprovas/repoprovas-backend/src/routers/index.ts","statementMap":{"0":{"start":{"line":9,"column":15},"end":{"line":9,"column":23}},"1":{"start":{"line":10,"column":0},"end":{"line":10,"column":23}},"2":{"start":{"line":11,"column":0},"end":{"line":11,"column":23}},"3":{"start":{"line":12,"column":0},"end":{"line":12,"column":27}},"4":{"start":{"line":13,"column":0},"end":{"line":13,"column":29}},"5":{"start":{"line":14,"column":0},"end":{"line":14,"column":26}},"6":{"start":{"line":15,"column":0},"end":{"line":17,"column":null}},"7":{"start":{"line":16,"column":2},"end":{"line":16,"column":24}}},"fnMap":{},"branchMap":{"0":{"loc":{"start":{"line":15,"column":0},"end":{"line":17,"column":null}},"type":"if","locations":[{"start":{"line":15,"column":0},"end":{"line":17,"column":null}}]}},"s":{"0":1,"1":1,"2":1,"3":1,"4":1,"5":1,"6":1,"7":1},"f":{},"b":{"0":[1]}}
,"/home/dina/projects/repoprovas/repoprovas-backend/src/routers/teacherRouter.ts": {"path":"/home/dina/projects/repoprovas/repoprovas-backend/src/routers/teacherRouter.ts","statementMap":{"0":{"start":{"line":5,"column":22},"end":{"line":5,"column":30}},"1":{"start":{"line":7,"column":0},"end":{"line":11,"column":2}}},"fnMap":{},"branchMap":{},"s":{"0":1,"1":1},"f":{},"b":{}}
,"/home/dina/projects/repoprovas/repoprovas-backend/src/routers/testRouter.ts": {"path":"/home/dina/projects/repoprovas/repoprovas-backend/src/routers/testRouter.ts","statementMap":{"0":{"start":{"line":5,"column":19},"end":{"line":5,"column":27}},"1":{"start":{"line":7,"column":0},"end":{"line":7,"column":77}},"2":{"start":{"line":8,"column":0},"end":{"line":8,"column":80}},"3":{"start":{"line":9,"column":0},"end":{"line":13,"column":2}}},"fnMap":{},"branchMap":{},"s":{"0":1,"1":1,"2":1,"3":1},"f":{},"b":{}}
,"/home/dina/projects/repoprovas/repoprovas-backend/src/routers/userRouter.ts": {"path":"/home/dina/projects/repoprovas/repoprovas-backend/src/routers/userRouter.ts","statementMap":{"0":{"start":{"line":6,"column":19},"end":{"line":6,"column":27}},"1":{"start":{"line":8,"column":0},"end":{"line":12,"column":2}},"2":{"start":{"line":13,"column":0},"end":{"line":17,"column":2}}},"fnMap":{},"branchMap":{},"s":{"0":1,"1":1,"2":1},"f":{},"b":{}}
,"/home/dina/projects/repoprovas/repoprovas-backend/src/schemas/userSchema.ts": {"path":"/home/dina/projects/repoprovas/repoprovas-backend/src/schemas/userSchema.ts","statementMap":{"0":{"start":{"line":4,"column":26},"end":{"line":7,"column":2}}},"fnMap":{},"branchMap":{},"s":{"0":1},"f":{},"b":{}}
,"/home/dina/projects/repoprovas/repoprovas-backend/src/services/categoryService.ts": {"path":"/home/dina/projects/repoprovas/repoprovas-backend/src/services/categoryService.ts","statementMap":{"0":{"start":{"line":4,"column":2},"end":{"line":4,"column":39}},"1":{"start":{"line":8,"column":2},"end":{"line":8,"column":40}}},"fnMap":{"0":{"name":"findMany","decl":{"start":{"line":3,"column":15},"end":{"line":3,"column":23}},"loc":{"start":{"line":3,"column":23},"end":{"line":5,"column":null}}},"1":{"name":"getById","decl":{"start":{"line":7,"column":15},"end":{"line":7,"column":22}},"loc":{"start":{"line":7,"column":33},"end":{"line":9,"column":null}}}},"branchMap":{},"s":{"0":0,"1":0},"f":{"0":0,"1":0},"b":{}}
,"/home/dina/projects/repoprovas/repoprovas-backend/src/services/disciplineService.ts": {"path":"/home/dina/projects/repoprovas/repoprovas-backend/src/services/disciplineService.ts","statementMap":{"0":{"start":{"line":4,"column":2},"end":{"line":4,"column":42}},"1":{"start":{"line":8,"column":2},"end":{"line":8,"column":46}}},"fnMap":{"0":{"name":"getById","decl":{"start":{"line":3,"column":15},"end":{"line":3,"column":22}},"loc":{"start":{"line":3,"column":33},"end":{"line":5,"column":null}}},"1":{"name":"getByTerm","decl":{"start":{"line":7,"column":15},"end":{"line":7,"column":24}},"loc":{"start":{"line":7,"column":37},"end":{"line":9,"column":null}}}},"branchMap":{},"s":{"0":0,"1":0},"f":{"0":0,"1":0},"b":{}}
,"/home/dina/projects/repoprovas/repoprovas-backend/src/services/teacherDisciplineService.ts": {"path":"/home/dina/projects/repoprovas/repoprovas-backend/src/services/teacherDisciplineService.ts","statementMap":{"0":{"start":{"line":7,"column":2},"end":{"line":10,"column":4}}},"fnMap":{"0":{"name":"getByTeacherAndDiscipline","decl":{"start":{"line":3,"column":22},"end":{"line":3,"column":47}},"loc":{"start":{"line":5,"column":22},"end":{"line":11,"column":null}}}},"branchMap":{},"s":{"0":0},"f":{"0":0},"b":{}}
,"/home/dina/projects/repoprovas/repoprovas-backend/src/services/teacherService.ts": {"path":"/home/dina/projects/repoprovas/repoprovas-backend/src/services/teacherService.ts","statementMap":{"0":{"start":{"line":4,"column":2},"end":{"line":4,"column":39}},"1":{"start":{"line":8,"column":2},"end":{"line":8,"column":55}}},"fnMap":{"0":{"name":"getById","decl":{"start":{"line":3,"column":15},"end":{"line":3,"column":22}},"loc":{"start":{"line":3,"column":33},"end":{"line":5,"column":null}}},"1":{"name":"getByDiscipline","decl":{"start":{"line":7,"column":15},"end":{"line":7,"column":30}},"loc":{"start":{"line":7,"column":49},"end":{"line":9,"column":null}}}},"branchMap":{},"s":{"0":0,"1":0},"f":{"0":0,"1":0},"b":{}}
,"/home/dina/projects/repoprovas/repoprovas-backend/src/services/testService.ts": {"path":"/home/dina/projects/repoprovas/repoprovas-backend/src/services/testService.ts","statementMap":{"0":{"start":{"line":16,"column":2},"end":{"line":20,"column":null}},"1":{"start":{"line":17,"column":4},"end":{"line":17,"column":66}},"2":{"start":{"line":18,"column":9},"end":{"line":20,"column":null}},"3":{"start":{"line":19,"column":4},"end":{"line":19,"column":61}},"4":{"start":{"line":31,"column":64},"end":{"line":31,"column":78}},"5":{"start":{"line":33,"column":27},"end":{"line":33,"column":68}},"6":{"start":{"line":34,"column":2},"end":{"line":34,"column":73}},"7":{"start":{"line":34,"column":25},"end":{"line":34,"column":73}},"8":{"start":{"line":36,"column":29},"end":{"line":36,"column":74}},"9":{"start":{"line":37,"column":2},"end":{"line":37,"column":77}},"10":{"start":{"line":37,"column":27},"end":{"line":37,"column":77}},"11":{"start":{"line":39,"column":26},"end":{"line":39,"column":65}},"12":{"start":{"line":40,"column":2},"end":{"line":40,"column":71}},"13":{"start":{"line":40,"column":24},"end":{"line":40,"column":71}},"14":{"start":{"line":43,"column":4},"end":{"line":45,"column":null}},"15":{"start":{"line":47,"column":2},"end":{"line":48,"column":67}},"16":{"start":{"line":48,"column":4},"end":{"line":48,"column":67}},"17":{"start":{"line":50,"column":2},"end":{"line":55,"column":5}},"18":{"start":{"line":59,"column":15},"end":{"line":59,"column":47}},"19":{"start":{"line":60,"column":2},"end":{"line":60,"column":35}},"20":{"start":{"line":60,"column":13},"end":{"line":60,"column":35}},"21":{"start":{"line":62,"column":2},"end":{"line":62,"column":32}}},"fnMap":{"0":{"name":"find","decl":{"start":{"line":15,"column":15},"end":{"line":15,"column":19}},"loc":{"start":{"line":15,"column":34},"end":{"line":21,"column":null}}},"1":{"name":"insert","decl":{"start":{"line":30,"column":15},"end":{"line":30,"column":21}},"loc":{"start":{"line":30,"column":52},"end":{"line":56,"column":null}}},"2":{"name":"view","decl":{"start":{"line":58,"column":15},"end":{"line":58,"column":19}},"loc":{"start":{"line":58,"column":30},"end":{"line":63,"column":null}}}},"branchMap":{"0":{"loc":{"start":{"line":16,"column":2},"end":{"line":20,"column":null}},"type":"if","locations":[{"start":{"line":16,"column":2},"end":{"line":20,"column":null}},{"start":{"line":18,"column":9},"end":{"line":20,"column":null}}]},"1":{"loc":{"start":{"line":18,"column":9},"end":{"line":20,"column":null}},"type":"if","locations":[{"start":{"line":18,"column":9},"end":{"line":20,"column":null}}]},"2":{"loc":{"start":{"line":34,"column":2},"end":{"line":34,"column":73}},"type":"if","locations":[{"start":{"line":34,"column":2},"end":{"line":34,"column":73}}]},"3":{"loc":{"start":{"line":37,"column":2},"end":{"line":37,"column":77}},"type":"if","locations":[{"start":{"line":37,"column":2},"end":{"line":37,"column":77}}]},"4":{"loc":{"start":{"line":40,"column":2},"end":{"line":40,"column":71}},"type":"if","locations":[{"start":{"line":40,"column":2},"end":{"line":40,"column":71}}]},"5":{"loc":{"start":{"line":47,"column":2},"end":{"line":48,"column":67}},"type":"if","locations":[{"start":{"line":47,"column":2},"end":{"line":48,"column":67}}]},"6":{"loc":{"start":{"line":60,"column":2},"end":{"line":60,"column":35}},"type":"if","locations":[{"start":{"line":60,"column":2},"end":{"line":60,"column":35}}]}},"s":{"0":0,"1":0,"2":0,"3":0,"4":0,"5":0,"6":0,"7":0,"8":0,"9":0,"10":0,"11":0,"12":0,"13":0,"14":0,"15":0,"16":0,"17":0,"18":0,"19":0,"20":0,"21":0},"f":{"0":0,"1":0,"2":0},"b":{"0":[0,0],"1":[0],"2":[0],"3":[0],"4":[0],"5":[0],"6":[0]}}
,"/home/dina/projects/repoprovas/repoprovas-backend/src/services/userService.ts": {"path":"/home/dina/projects/repoprovas/repoprovas-backend/src/services/userService.ts","statementMap":{"0":{"start":{"line":14,"column":23},"end":{"line":14,"column":77}},"1":{"start":{"line":15,"column":2},"end":{"line":15,"column":64}},"2":{"start":{"line":15,"column":20},"end":{"line":15,"column":64}},"3":{"start":{"line":17,"column":25},"end":{"line":17,"column":69}},"4":{"start":{"line":18,"column":2},"end":{"line":18,"column":79}},"5":{"start":{"line":22,"column":15},"end":{"line":22,"column":45}},"6":{"start":{"line":24,"column":16},"end":{"line":24,"column":69}},"7":{"start":{"line":26,"column":2},"end":{"line":26,"column":15}},"8":{"start":{"line":30,"column":15},"end":{"line":30,"column":48}},"9":{"start":{"line":31,"column":2},"end":{"line":31,"column":51}},"10":{"start":{"line":31,"column":13},"end":{"line":31,"column":51}},"11":{"start":{"line":33,"column":2},"end":{"line":33,"column":14}},"12":{"start":{"line":37,"column":15},"end":{"line":37,"column":64}},"13":{"start":{"line":38,"column":2},"end":{"line":38,"column":60}},"14":{"start":{"line":38,"column":13},"end":{"line":38,"column":60}},"15":{"start":{"line":40,"column":26},"end":{"line":40,"column":79}},"16":{"start":{"line":41,"column":2},"end":{"line":41,"column":71}},"17":{"start":{"line":41,"column":24},"end":{"line":41,"column":71}},"18":{"start":{"line":43,"column":2},"end":{"line":43,"column":14}},"19":{"start":{"line":47,"column":2},"end":{"line":47,"column":34}}},"fnMap":{"0":{"name":"signUp","decl":{"start":{"line":13,"column":15},"end":{"line":13,"column":21}},"loc":{"start":{"line":13,"column":52},"end":{"line":19,"column":null}}},"1":{"name":"signIn","decl":{"start":{"line":21,"column":15},"end":{"line":21,"column":21}},"loc":{"start":{"line":21,"column":47},"end":{"line":27,"column":null}}},"2":{"name":"findById","decl":{"start":{"line":29,"column":15},"end":{"line":29,"column":23}},"loc":{"start":{"line":29,"column":34},"end":{"line":34,"column":null}}},"3":{"name":"getUserOrFail","decl":{"start":{"line":36,"column":15},"end":{"line":36,"column":28}},"loc":{"start":{"line":36,"column":54},"end":{"line":44,"column":null}}},"4":{"name":"truncate","decl":{"start":{"line":46,"column":15},"end":{"line":46,"column":23}},"loc":{"start":{"line":46,"column":23},"end":{"line":48,"column":null}}}},"branchMap":{"0":{"loc":{"start":{"line":15,"column":2},"end":{"line":15,"column":64}},"type":"if","locations":[{"start":{"line":15,"column":2},"end":{"line":15,"column":64}}]},"1":{"loc":{"start":{"line":31,"column":2},"end":{"line":31,"column":51}},"type":"if","locations":[{"start":{"line":31,"column":2},"end":{"line":31,"column":51}}]},"2":{"loc":{"start":{"line":38,"column":2},"end":{"line":38,"column":60}},"type":"if","locations":[{"start":{"line":38,"column":2},"end":{"line":38,"column":60}}]},"3":{"loc":{"start":{"line":41,"column":2},"end":{"line":41,"column":71}},"type":"if","locations":[{"start":{"line":41,"column":2},"end":{"line":41,"column":71}}]}},"s":{"0":2,"1":2,"2":2,"3":0,"4":0,"5":0,"6":0,"7":0,"8":0,"9":0,"10":0,"11":0,"12":0,"13":0,"14":0,"15":0,"16":0,"17":0,"18":0,"19":0},"f":{"0":2,"1":0,"2":0,"3":0,"4":0},"b":{"0":[2],"1":[0],"2":[0],"3":[0]}}
,"/home/dina/projects/repoprovas/repoprovas-backend/src/utils/errorUtils.ts": {"path":"/home/dina/projects/repoprovas/repoprovas-backend/src/utils/errorUtils.ts","statementMap":{"0":{"start":{"line":13,"column":2},"end":{"line":13,"column":48}},"1":{"start":{"line":17,"column":2},"end":{"line":17,"column":38}},"2":{"start":{"line":17,"column":27},"end":{"line":17,"column":38}},"3":{"start":{"line":18,"column":2},"end":{"line":18,"column":39}},"4":{"start":{"line":18,"column":28},"end":{"line":18,"column":39}},"5":{"start":{"line":19,"column":2},"end":{"line":19,"column":42}},"6":{"start":{"line":19,"column":31},"end":{"line":19,"column":42}},"7":{"start":{"line":20,"column":2},"end":{"line":20,"column":42}},"8":{"start":{"line":20,"column":31},"end":{"line":20,"column":42}},"9":{"start":{"line":21,"column":2},"end":{"line":21,"column":13}},"10":{"start":{"line":25,"column":2},"end":{"line":25,"column":42}},"11":{"start":{"line":29,"column":2},"end":{"line":29,"column":39}},"12":{"start":{"line":33,"column":2},"end":{"line":33,"column":40}},"13":{"start":{"line":37,"column":2},"end":{"line":37,"column":43}},"14":{"start":{"line":41,"column":2},"end":{"line":41,"column":43}}},"fnMap":{"0":{"name":"isAppError","decl":{"start":{"line":12,"column":16},"end":{"line":12,"column":26}},"loc":{"start":{"line":12,"column":40},"end":{"line":14,"column":1}}},"1":{"name":"errorTypeToStatusCode","decl":{"start":{"line":16,"column":16},"end":{"line":16,"column":37}},"loc":{"start":{"line":16,"column":57},"end":{"line":22,"column":1}}},"2":{"name":"badRequestError","decl":{"start":{"line":24,"column":16},"end":{"line":24,"column":31}},"loc":{"start":{"line":24,"column":48},"end":{"line":26,"column":1}}},"3":{"name":"conflictError","decl":{"start":{"line":28,"column":16},"end":{"line":28,"column":29}},"loc":{"start":{"line":28,"column":46},"end":{"line":30,"column":1}}},"4":{"name":"notFoundError","decl":{"start":{"line":32,"column":16},"end":{"line":32,"column":29}},"loc":{"start":{"line":32,"column":46},"end":{"line":34,"column":1}}},"5":{"name":"unauthorizedError","decl":{"start":{"line":36,"column":16},"end":{"line":36,"column":33}},"loc":{"start":{"line":36,"column":50},"end":{"line":38,"column":1}}},"6":{"name":"wrongSchemaError","decl":{"start":{"line":40,"column":16},"end":{"line":40,"column":32}},"loc":{"start":{"line":40,"column":49},"end":{"line":42,"column":1}}}},"branchMap":{"0":{"loc":{"start":{"line":17,"column":2},"end":{"line":17,"column":38}},"type":"if","locations":[{"start":{"line":17,"column":2},"end":{"line":17,"column":38}}]},"1":{"loc":{"start":{"line":18,"column":2},"end":{"line":18,"column":39}},"type":"if","locations":[{"start":{"line":18,"column":2},"end":{"line":18,"column":39}}]},"2":{"loc":{"start":{"line":19,"column":2},"end":{"line":19,"column":42}},"type":"if","locations":[{"start":{"line":19,"column":2},"end":{"line":19,"column":42}}]},"3":{"loc":{"start":{"line":20,"column":2},"end":{"line":20,"column":42}},"type":"if","locations":[{"start":{"line":20,"column":2},"end":{"line":20,"column":42}}]}},"s":{"0":1,"1":1,"2":1,"3":0,"4":0,"5":0,"6":0,"7":0,"8":0,"9":0,"10":0,"11":3,"12":0,"13":0,"14":0},"f":{"0":1,"1":1,"2":0,"3":3,"4":0,"5":0,"6":0},"b":{"0":[1],"1":[0],"2":[0],"3":[0]}}
}
