TN:
SF:src/app.ts
FNF:0
FNH:0
DA:8,1
DA:9,1
DA:10,1
DA:11,1
DA:12,1
LF:5
LH:5
BRF:0
BRH:0
end_of_record
TN:
SF:src/database.ts
FNF:0
FNH:0
DA:3,2
DA:4,2
LF:2
LH:2
BRF:0
BRH:0
end_of_record
TN:
SF:src/setup.ts
FNF:0
FNH:0
DA:2,1
LF:1
LH:1
BRF:0
BRH:0
end_of_record
TN:
SF:src/controllers/categoryController.ts
FN:4,findMany
FNF:1
FNH:0
FNDA:0,findMany
DA:5,0
DA:6,0
LF:2
LH:0
BRF:0
BRH:0
end_of_record
TN:
SF:src/controllers/disciplineController.ts
FN:4,get
FNF:1
FNH:0
FNDA:0,get
DA:5,0
DA:6,0
DA:8,0
LF:3
LH:0
BRF:0
BRH:0
end_of_record
TN:
SF:src/controllers/e2eTestsController.ts
FN:4,truncate
FNF:1
FNH:0
FNDA:0,truncate
DA:5,0
DA:6,0
LF:2
LH:0
BRF:0
BRH:0
end_of_record
TN:
SF:src/controllers/teachersController.ts
FN:4,get
FNF:1
FNH:0
FNDA:0,get
DA:5,0
DA:7,0
DA:8,0
LF:3
LH:0
BRF:0
BRH:0
end_of_record
TN:
SF:src/controllers/testController.ts
FN:4,insert
FN:9,find
FN:24,view
FNF:3
FNH:0
FNDA:0,insert
FNDA:0,find
FNDA:0,view
DA:5,0
DA:6,0
DA:10,0
DA:16,0
DA:17,0
DA:20,0
DA:21,0
DA:25,0
DA:27,0
DA:28,0
LF:10
LH:0
BRDA:16,0,0,0
BRDA:16,1,0,0
BRDA:16,1,1,0
BRF:3
BRH:0
end_of_record
TN:
SF:src/controllers/userController.ts
FN:4,signUp
FN:12,signIn
FNF:2
FNH:1
FNDA:1,signUp
FNDA:0,signIn
DA:5,1
DA:7,1
DA:9,0
DA:13,0
DA:15,0
DA:17,0
LF:6
LH:2
BRF:0
BRH:0
end_of_record
TN:
SF:src/middlewares/ensureAuthenticatedMiddleware.ts
FN:6,ensureAuthenticatedMiddleware
FNF:1
FNH:0
FNDA:0,ensureAuthenticatedMiddleware
DA:11,0
DA:12,0
DA:14,0
DA:15,0
DA:17,0
DA:18,0
DA:21,0
DA:22,0
DA:24,0
DA:26,0
LF:10
LH:0
BRDA:12,0,0,0
BRDA:15,1,0,0
BRF:2
BRH:0
end_of_record
TN:
SF:src/middlewares/errorHandlerMiddleware.ts
FN:8,errorHandlerMiddleware
FNF:1
FNH:1
FNDA:1,errorHandlerMiddleware
DA:14,1
DA:16,1
DA:17,1
DA:20,0
LF:4
LH:3
BRDA:16,0,0,1
BRF:1
BRH:1
end_of_record
TN:
SF:src/middlewares/validateSchemaMiddleware.ts
FN:4,validateSchemaMiddleware
FN:5,(anonymous_1)
FNF:2
FNH:2
FNDA:2,validateSchemaMiddleware
FNDA:1,(anonymous_1)
DA:5,2
DA:6,1
DA:7,1
DA:8,0
DA:11,1
LF:5
LH:4
BRDA:7,0,0,0
BRF:1
BRH:0
end_of_record
TN:
SF:src/repositories/categoryRepository.ts
FN:3,findMany
FN:7,getById
FNF:2
FNH:0
FNDA:0,findMany
FNDA:0,getById
DA:4,0
DA:8,0
LF:2
LH:0
BRF:0
BRH:0
end_of_record
TN:
SF:src/repositories/disciplineRepository.ts
FN:3,getById
FN:9,getByTerm
FNF:2
FNH:0
FNDA:0,getById
FNDA:0,getByTerm
DA:4,0
DA:10,0
LF:2
LH:0
BRF:0
BRH:0
end_of_record
TN:
SF:src/repositories/teacherDisciplineRepository.ts
FN:3,getByTeacherAndDiscipline
FNF:1
FNH:0
FNDA:0,getByTeacherAndDiscipline
DA:7,0
LF:1
LH:0
BRF:0
BRH:0
end_of_record
TN:
SF:src/repositories/teacherRepository.ts
FN:3,getById
FN:9,getByDiscipline
FNF:2
FNH:0
FNDA:0,getById
FNDA:0,getByDiscipline
DA:4,0
DA:10,0
LF:2
LH:0
BRF:0
BRH:0
end_of_record
TN:
SF:src/repositories/testRepository.ts
FN:4,getTestsByDiscipline
FN:35,getTestsByTeachers
FN:52,insert
FN:58,getById
FN:64,view
FNF:5
FNH:0
FNDA:0,getTestsByDiscipline
FNDA:0,getTestsByTeachers
FNDA:0,insert
FNDA:0,getById
FNDA:0,view
DA:5,0
DA:36,0
DA:53,0
DA:59,0
DA:65,0
LF:5
LH:0
BRF:0
BRH:0
end_of_record
TN:
SF:src/repositories/userRepository.ts
FN:4,findById
FN:11,findByEmail
FN:19,insert
FN:25,truncate
FNF:4
FNH:1
FNDA:0,findById
FNDA:1,findByEmail
FNDA:0,insert
FNDA:0,truncate
DA:5,0
DA:12,1
DA:20,0
DA:26,0
LF:4
LH:1
BRF:0
BRH:0
end_of_record
TN:
SF:src/routers/categoryRouter.ts
FNF:0
FNH:0
DA:5,1
DA:7,1
LF:2
LH:2
BRF:0
BRH:0
end_of_record
TN:
SF:src/routers/disciplineRouter.ts
FNF:0
FNH:0
DA:5,1
DA:7,1
LF:2
LH:2
BRF:0
BRH:0
end_of_record
TN:
SF:src/routers/e2eRouter.ts
FNF:0
FNH:0
DA:4,1
DA:5,1
LF:2
LH:2
BRF:0
BRH:0
end_of_record
TN:
SF:src/routers/index.ts
FNF:0
FNH:0
DA:9,1
DA:10,1
DA:11,1
DA:12,1
DA:13,1
DA:14,1
DA:15,1
DA:16,1
LF:8
LH:8
BRDA:15,0,0,1
BRF:1
BRH:1
end_of_record
TN:
SF:src/routers/teacherRouter.ts
FNF:0
FNH:0
DA:5,1
DA:7,1
LF:2
LH:2
BRF:0
BRH:0
end_of_record
TN:
SF:src/routers/testRouter.ts
FNF:0
FNH:0
DA:5,1
DA:7,1
DA:8,1
DA:9,1
LF:4
LH:4
BRF:0
BRH:0
end_of_record
TN:
SF:src/routers/userRouter.ts
FNF:0
FNH:0
DA:6,1
DA:8,1
DA:13,1
LF:3
LH:3
BRF:0
BRH:0
end_of_record
TN:
SF:src/schemas/userSchema.ts
FNF:0
FNH:0
DA:4,1
LF:1
LH:1
BRF:0
BRH:0
end_of_record
TN:
SF:src/services/categoryService.ts
FN:3,findMany
FN:7,getById
FNF:2
FNH:0
FNDA:0,findMany
FNDA:0,getById
DA:4,0
DA:8,0
LF:2
LH:0
BRF:0
BRH:0
end_of_record
TN:
SF:src/services/disciplineService.ts
FN:3,getById
FN:7,getByTerm
FNF:2
FNH:0
FNDA:0,getById
FNDA:0,getByTerm
DA:4,0
DA:8,0
LF:2
LH:0
BRF:0
BRH:0
end_of_record
TN:
SF:src/services/teacherDisciplineService.ts
FN:3,getByTeacherAndDiscipline
FNF:1
FNH:0
FNDA:0,getByTeacherAndDiscipline
DA:7,0
LF:1
LH:0
BRF:0
BRH:0
end_of_record
TN:
SF:src/services/teacherService.ts
FN:3,getById
FN:7,getByDiscipline
FNF:2
FNH:0
FNDA:0,getById
FNDA:0,getByDiscipline
DA:4,0
DA:8,0
LF:2
LH:0
BRF:0
BRH:0
end_of_record
TN:
SF:src/services/testService.ts
FN:15,find
FN:30,insert
FN:58,view
FNF:3
FNH:0
FNDA:0,find
FNDA:0,insert
FNDA:0,view
DA:16,0
DA:17,0
DA:18,0
DA:19,0
DA:31,0
DA:33,0
DA:34,0
DA:36,0
DA:37,0
DA:39,0
DA:40,0
DA:43,0
DA:47,0
DA:48,0
DA:50,0
DA:59,0
DA:60,0
DA:62,0
LF:18
LH:0
BRDA:16,0,0,0
BRDA:16,0,1,0
BRDA:18,1,0,0
BRDA:34,2,0,0
BRDA:37,3,0,0
BRDA:40,4,0,0
BRDA:47,5,0,0
BRDA:60,6,0,0
BRF:8
BRH:0
end_of_record
TN:
SF:src/services/userService.ts
FN:13,signUp
FN:21,signIn
FN:29,findById
FN:36,getUserOrFail
FN:46,truncate
FNF:5
FNH:1
FNDA:2,signUp
FNDA:0,signIn
FNDA:0,findById
FNDA:0,getUserOrFail
FNDA:0,truncate
DA:14,2
DA:15,2
DA:17,0
DA:18,0
DA:22,0
DA:24,0
DA:26,0
DA:30,0
DA:31,0
DA:33,0
DA:37,0
DA:38,0
DA:40,0
DA:41,0
DA:43,0
DA:47,0
LF:16
LH:2
BRDA:15,0,0,2
BRDA:31,1,0,0
BRDA:38,2,0,0
BRDA:41,3,0,0
BRF:4
BRH:1
end_of_record
TN:
SF:src/utils/errorUtils.ts
FN:12,isAppError
FN:16,errorTypeToStatusCode
FN:24,badRequestError
FN:28,conflictError
FN:32,notFoundError
FN:36,unauthorizedError
FN:40,wrongSchemaError
FNF:7
FNH:3
FNDA:1,isAppError
FNDA:1,errorTypeToStatusCode
FNDA:0,badRequestError
FNDA:3,conflictError
FNDA:0,notFoundError
FNDA:0,unauthorizedError
FNDA:0,wrongSchemaError
DA:13,1
DA:17,1
DA:18,0
DA:19,0
DA:20,0
DA:21,0
DA:25,0
DA:29,3
DA:33,0
DA:37,0
DA:41,0
LF:11
LH:3
BRDA:17,0,0,1
BRDA:18,1,0,0
BRDA:19,2,0,0
BRDA:20,3,0,0
BRF:4
BRH:1
end_of_record
